<?xml version="1.0" encoding="UTF-8"?>
<!-- Generated by org.testng.reporters.JUnitXMLReporter -->
<testsuite hostname="TNQ_" ignored="2" name="Default test" tests="1" failures="0" timestamp="2021-10-20T20:50:10 IST" time="0.089" errors="0">
  <testcase name="@BeforeMethod setUpBrowser" time="-1.634743210362E9" classname="com.aptemui.base.BaseDriver">
    <failure type="org.testng.TestNGException" message="
Parameter &amp;apos;testcaseid&amp;apos; is required by BeforeMethod on method setUpBrowser but has not been marked @Optional or defined
in C:\Users\TNQ\AppData\Local\Temp\testng-eclipse--1303148614\testng-customsuite.xml">
      <![CDATA[org.testng.TestNGException: 
Parameter 'testcaseid' is required by BeforeMethod on method setUpBrowser but has not been marked @Optional or defined
in C:\Users\TNQ\AppData\Local\Temp\testng-eclipse--1303148614\testng-customsuite.xml
at org.testng.internal.Parameters.createParams(Parameters.java:268)
at org.testng.internal.Parameters.createParametersForMethod(Parameters.java:356)
at org.testng.internal.Parameters.createParameters(Parameters.java:700)
at org.testng.internal.Parameters.createConfigurationParameters(Parameters.java:166)
at org.testng.internal.ConfigInvoker.invokeConfigurations(ConfigInvoker.java:301)
at org.testng.internal.TestInvoker.runConfigMethods(TestInvoker.java:701)
at org.testng.internal.TestInvoker.invokeMethod(TestInvoker.java:527)
at org.testng.internal.TestInvoker.invokeTestMethod(TestInvoker.java:174)
at org.testng.internal.MethodRunner.runInSequence(MethodRunner.java:46)
at org.testng.internal.TestInvoker$MethodInvocationAgent.invoke(TestInvoker.java:822)
at org.testng.internal.TestInvoker.invokeTestMethods(TestInvoker.java:147)
at org.testng.internal.TestMethodWorker.invokeTestMethods(TestMethodWorker.java:146)
at org.testng.internal.TestMethodWorker.run(TestMethodWorker.java:128)
at java.util.ArrayList.forEach(ArrayList.java:1257)
at org.testng.TestRunner.privateRun(TestRunner.java:764)
at org.testng.TestRunner.run(TestRunner.java:585)
at org.testng.SuiteRunner.runTest(SuiteRunner.java:384)
at org.testng.SuiteRunner.runSequentially(SuiteRunner.java:378)
at org.testng.SuiteRunner.privateRun(SuiteRunner.java:337)
at org.testng.SuiteRunner.run(SuiteRunner.java:286)
at org.testng.SuiteRunnerWorker.runSuite(SuiteRunnerWorker.java:53)
at org.testng.SuiteRunnerWorker.run(SuiteRunnerWorker.java:96)
at org.testng.TestNG.runSuitesSequentially(TestNG.java:1218)
at org.testng.TestNG.runSuitesLocally(TestNG.java:1140)
at org.testng.TestNG.runSuites(TestNG.java:1069)
at org.testng.TestNG.run(TestNG.java:1037)
at org.testng.remote.AbstractRemoteTestNG.run(AbstractRemoteTestNG.java:115)
at org.testng.remote.RemoteTestNG.initAndRun(RemoteTestNG.java:251)
at org.testng.remote.RemoteTestNG.main(RemoteTestNG.java:77)
]]>
    </failure>
  </testcase> <!-- @BeforeMethod setUpBrowser -->
  <testcase name="@AfterMethod closeApplication" time="-1.634743210391E9" classname="com.aptemui.base.BaseDriver">
    <skipped/>
  </testcase> <!-- @AfterMethod closeApplication -->
  <testcase name="addDocumentsToTheLearnersProgramme" time="0.0" classname="com.aptem.tests.TenantLevelTest">
    <skipped/>
  </testcase> <!-- addDocumentsToTheLearnersProgramme -->
  <testcase name="disableComplianceDocumentsAtTenantLevel" time="0.0" classname="com.aptem.tests.TenantLevelTest">
    <ignored/>
  </testcase> <!-- disableComplianceDocumentsAtTenantLevel -->
  <testcase name="enableComplianceDocumentsAtTenantLevel" time="0.0" classname="com.aptem.tests.TenantLevelTest">
    <ignored/>
  </testcase> <!-- enableComplianceDocumentsAtTenantLevel -->
</testsuite> <!-- Default test -->
