<?xml version="1.0" encoding="UTF-8"?>
<!-- Generated by org.testng.reporters.JUnitReportReporter -->
<testsuite skipped="2" hostname="TNQ_" name="com.aptem.tests.TenantLevelTest" tests="4" failures="0" timestamp="2021-10-15T16:47:34 IST" time="-1634296576.000" errors="1">
  <testcase name="disableComplianceDocumentsAtTenantLevel" time="99.021" classname="com.aptem.tests.TenantLevelTest"/>
  <system-out/>
  <testcase name="enableComplianceDocumentsAtTenantLevel" time="0.000" classname="com.aptem.tests.TenantLevelTest">
    <skipped/>
  </testcase> <!-- enableComplianceDocumentsAtTenantLevel -->
  <system-out/>
  <testcase name="addDocumentsToTheLearnersProgramme" time="0.000" classname="com.aptem.tests.TenantLevelTest">
    <skipped/>
  </testcase> <!-- addDocumentsToTheLearnersProgramme -->
  <system-out/>
  <testcase name="closeApplication" time="-1634296704.000" classname="com.aptem.tests.TenantLevelTest">
    <error type="org.testng.TestNGException" message="
Can inject only one of &lt;ITestContext, XmlTest, Method, Object[], ITestResult&gt; into a @AfterMethod annotated closeApplication.
For more information on native dependency injection please refer to https://testng.org/doc/documentation-main.html#native-dependency-injection">
      <![CDATA[org.testng.TestNGException: 
Can inject only one of <ITestContext, XmlTest, Method, Object[], ITestResult> into a @AfterMethod annotated closeApplication.
For more information on native dependency injection please refer to https://testng.org/doc/documentation-main.html#native-dependency-injection
at org.testng.internal.Parameters.checkParameterTypes(Parameters.java:437)
at org.testng.internal.Parameters.createParametersForMethod(Parameters.java:351)
at org.testng.internal.Parameters.createParameters(Parameters.java:708)
at org.testng.internal.Parameters.createConfigurationParameters(Parameters.java:166)
at org.testng.internal.ConfigInvoker.invokeConfigurations(ConfigInvoker.java:301)
at org.testng.internal.TestInvoker.runConfigMethods(TestInvoker.java:701)
at org.testng.internal.TestInvoker.runAfterGroupsConfigurations(TestInvoker.java:677)
at org.testng.internal.TestInvoker.invokeMethod(TestInvoker.java:661)
at org.testng.internal.TestInvoker.invokeTestMethod(TestInvoker.java:174)
at org.testng.internal.MethodRunner.runInSequence(MethodRunner.java:46)
at org.testng.internal.TestInvoker$MethodInvocationAgent.invoke(TestInvoker.java:822)
at org.testng.internal.TestInvoker.invokeTestMethods(TestInvoker.java:147)
at org.testng.internal.TestMethodWorker.invokeTestMethods(TestMethodWorker.java:146)
at org.testng.internal.TestMethodWorker.run(TestMethodWorker.java:128)
at java.util.concurrent.ThreadPoolExecutor.runWorker(ThreadPoolExecutor.java:1149)
at java.util.concurrent.ThreadPoolExecutor$Worker.run(ThreadPoolExecutor.java:624)
at java.lang.Thread.run(Thread.java:748)
]]>
    </error>
  </testcase> <!-- closeApplication -->
  <system-out/>
</testsuite> <!-- com.aptem.tests.TenantLevelTest -->
