<?xml version="1.0" encoding="UTF-8"?>
<!-- Generated by org.testng.reporters.JUnitXMLReporter -->
<testsuite hostname="TNQ_" ignored="0" name="AptemAutomation-TenantLevelVerifications-1" tests="3" failures="0" timestamp="2021-10-15T16:47:33 IST" time="99.17" errors="0">
  <testcase name="@AfterMethod closeApplication" time="-1.63429665314E9" classname="com.aptemui.base.BaseDriver">
    <failure type="org.testng.TestNGException" message="
Can inject only one of &amp;lt;ITestContext, XmlTest, Method, Object[], ITestResult&amp;gt; into a @AfterMethod annotated closeApplication.
For more information on native dependency injection please refer to https://testng.org/doc/documentation-main.html#native-dependency-injection">
      <![CDATA[org.testng.TestNGException: 
Can inject only one of <ITestContext, XmlTest, Method, Object[], ITestResult> into a @AfterMethod annotated closeApplication.
For more information on native dependency injection please refer to https://testng.org/doc/documentation-main.html#native-dependency-injection
at org.testng.internal.Parameters.checkParameterTypes(Parameters.java:437)
at org.testng.internal.Parameters.createParametersForMethod(Parameters.java:351)
at org.testng.internal.Parameters.createParameters(Parameters.java:708)
at org.testng.internal.Parameters.createConfigurationParameters(Parameters.java:166)
at org.testng.internal.ConfigInvoker.invokeConfigurations(ConfigInvoker.java:301)
at org.testng.internal.TestInvoker.runConfigMethods(TestInvoker.java:701)
at org.testng.internal.TestInvoker.runAfterGroupsConfigurations(TestInvoker.java:677)
at org.testng.internal.TestInvoker.invokeMethod(TestInvoker.java:661)
at org.testng.internal.TestInvoker.invokeTestMethod(TestInvoker.java:174)
at org.testng.internal.MethodRunner.runInSequence(MethodRunner.java:46)
at org.testng.internal.TestInvoker$MethodInvocationAgent.invoke(TestInvoker.java:822)
at org.testng.internal.TestInvoker.invokeTestMethods(TestInvoker.java:147)
at org.testng.internal.TestMethodWorker.invokeTestMethods(TestMethodWorker.java:146)
at org.testng.internal.TestMethodWorker.run(TestMethodWorker.java:128)
at java.util.concurrent.ThreadPoolExecutor.runWorker(ThreadPoolExecutor.java:1149)
at java.util.concurrent.ThreadPoolExecutor$Worker.run(ThreadPoolExecutor.java:624)
at java.lang.Thread.run(Thread.java:748)
]]>
    </failure>
  </testcase> <!-- @AfterMethod closeApplication -->
  <testcase name="@BeforeMethod setUpBrowser" time="-1.634296653146E9" classname="com.aptemui.base.BaseDriver">
    <skipped/>
  </testcase> <!-- @BeforeMethod setUpBrowser -->
  <testcase name="@AfterMethod closeApplication" time="-1.634296653152E9" classname="com.aptemui.base.BaseDriver">
    <skipped/>
  </testcase> <!-- @AfterMethod closeApplication -->
  <testcase name="@BeforeMethod setUpBrowser" time="-1.634296653153E9" classname="com.aptemui.base.BaseDriver">
    <skipped/>
  </testcase> <!-- @BeforeMethod setUpBrowser -->
  <testcase name="@AfterMethod closeApplication" time="-1.634296653157E9" classname="com.aptemui.base.BaseDriver">
    <skipped/>
  </testcase> <!-- @AfterMethod closeApplication -->
  <testcase name="disableComplianceDocumentsAtTenantLevel" time="42.081" classname="com.aptem.tests.TenantLevelTest"/>
  <testcase name="enableComplianceDocumentsAtTenantLevel" time="0.0" classname="com.aptem.tests.TenantLevelTest">
    <skipped/>
  </testcase> <!-- enableComplianceDocumentsAtTenantLevel -->
  <testcase name="addDocumentsToTheLearnersProgramme" time="0.0" classname="com.aptem.tests.TenantLevelTest">
    <skipped/>
  </testcase> <!-- addDocumentsToTheLearnersProgramme -->
</testsuite> <!-- AptemAutomation-TenantLevelVerifications-1 -->
